2024-05-21 20:19:59,181 [Worker-4: Loading available Gradle versions] INFO  o.e.b.c.i.u.g.PublishedGradleVersions - Gradle version information cache is up-to-date. Trying to read.
2024-05-21 20:21:53,436 [Worker-8: Creating project "jdbc-begineer-course"] INFO  o.e.m.c.i.l.LifecycleMappingFactory - Using org.eclipse.m2e.jdt.JarLifecycleMapping lifecycle mapping for MavenProject: com.ms:jdbc-begineer-course:0.0.1-SNAPSHOT @ D:\JDBC\jdbc-begineer-course\pom.xml.
2024-05-21 20:21:54,219 [Worker-8: Creating project "jdbc-begineer-course"] INFO  o.e.m.j.i.AbstractJavaProjectConfigurator - Adding source folder /jdbc-begineer-course/src/main/java
2024-05-21 20:21:54,223 [Worker-8: Creating project "jdbc-begineer-course"] INFO  o.e.m.j.i.AbstractJavaProjectConfigurator - Adding resource folder /jdbc-begineer-course/src/main/resources
2024-05-21 20:21:54,225 [Worker-8: Creating project "jdbc-begineer-course"] INFO  o.e.m.j.i.AbstractJavaProjectConfigurator - Adding source folder /jdbc-begineer-course/src/test/java
2024-05-21 20:21:54,226 [Worker-8: Creating project "jdbc-begineer-course"] INFO  o.e.m.j.i.AbstractJavaProjectConfigurator - Adding resource folder /jdbc-begineer-course/src/test/resources
2024-05-21 20:21:54,229 [Worker-8: Creating project "jdbc-begineer-course"] ERROR o.e.m.j.i.AbstractJavaProjectConfigurator - Failed to find a compatible VM for environment id 'JavaSE-1.8', falling back to workspace default
2024-05-21 20:21:55,633 [Worker-13: Building] WARN  o.a.m.s.f.DefaultMavenResourcesFiltering - Using platform encoding (UTF-8 actually) to copy filtered resources, i.e. build is platform dependent!
2024-05-21 20:21:55,639 [Worker-13: Building] INFO  o.a.m.s.f.DefaultMavenResourcesFiltering - Copying 0 resource from src\main\resources to target\classes
2024-05-21 20:21:55,645 [Worker-13: Building] WARN  o.a.m.s.f.DefaultMavenResourcesFiltering - Using platform encoding (UTF-8 actually) to copy filtered resources, i.e. build is platform dependent!
2024-05-21 20:21:55,646 [Worker-13: Building] INFO  o.a.m.s.f.DefaultMavenResourcesFiltering - Copying 0 resource from src\test\resources to target\test-classes
2024-05-21 20:23:09,177 [Worker-13: Building] INFO  o.e.m.c.i.l.LifecycleMappingFactory - Using org.eclipse.m2e.jdt.JarLifecycleMapping lifecycle mapping for MavenProject: com.ms:jdbc-begineer-course:0.0.1-SNAPSHOT @ D:\JDBC\jdbc-begineer-course\pom.xml.
2024-05-21 20:23:11,255 [Worker-13: Building] INFO  o.e.m.c.i.e.AbstractTransferListenerAdapter - Downloading https://repo.maven.apache.org/maven2/mysql/mysql-connector-java/8.0.28/mysql-connector-java-8.0.28.pom
2024-05-21 20:23:11,309 [Worker-13: Building] INFO  o.e.m.c.i.e.AbstractTransferListenerAdapter - Downloaded https://repo.maven.apache.org/maven2/mysql/mysql-connector-java/8.0.28/mysql-connector-java-8.0.28.pom
2024-05-21 20:23:11,345 [Worker-13: Building] INFO  o.e.m.c.i.e.AbstractTransferListenerAdapter - Downloading https://repo.maven.apache.org/maven2/mysql/mysql-connector-java/8.0.28/mysql-connector-java-8.0.28.jar
2024-05-21 20:23:12,039 [Worker-13: Building] INFO  o.e.m.c.i.e.AbstractTransferListenerAdapter - Downloaded https://repo.maven.apache.org/maven2/mysql/mysql-connector-java/8.0.28/mysql-connector-java-8.0.28.jar
2024-05-21 20:23:12,311 [Worker-13: Building] WARN  o.a.m.s.f.DefaultMavenResourcesFiltering - Using platform encoding (UTF-8 actually) to copy filtered resources, i.e. build is platform dependent!
2024-05-21 20:23:12,314 [Worker-13: Building] INFO  o.a.m.s.f.DefaultMavenResourcesFiltering - Copying 0 resource from src\main\resources to target\classes
2024-05-21 20:23:12,320 [Worker-13: Building] WARN  o.a.m.s.f.DefaultMavenResourcesFiltering - Using platform encoding (UTF-8 actually) to copy filtered resources, i.e. build is platform dependent!
2024-05-21 20:23:12,322 [Worker-13: Building] INFO  o.a.m.s.f.DefaultMavenResourcesFiltering - Copying 0 resource from src\test\resources to target\test-classes
2024-05-21 20:23:13,204 [Worker-13: Download sources and javadoc] INFO  o.e.m.c.i.e.AbstractTransferListenerAdapter - Downloading https://repo.maven.apache.org/maven2/mysql/mysql-connector-java/8.0.28/mysql-connector-java-8.0.28-sources.jar
2024-05-21 20:23:13,480 [Worker-13: Download sources and javadoc] INFO  o.e.m.c.i.e.AbstractTransferListenerAdapter - Downloaded https://repo.maven.apache.org/maven2/mysql/mysql-connector-java/8.0.28/mysql-connector-java-8.0.28-sources.jar
2024-05-21 20:23:13,485 [Worker-13: Download sources and javadoc] INFO  o.e.m.j.internal.DownloadSourcesJob - Downloaded sources for mysql:mysql-connector-java:8.0.28
2024-05-21 20:23:13,911 [Worker-13: Building] WARN  o.a.m.s.f.DefaultMavenResourcesFiltering - Using platform encoding (UTF-8 actually) to copy filtered resources, i.e. build is platform dependent!
2024-05-21 20:23:13,912 [Worker-13: Building] INFO  o.a.m.s.f.DefaultMavenResourcesFiltering - Copying 0 resource from src\main\resources to target\classes
2024-05-21 20:23:13,916 [Worker-13: Building] WARN  o.a.m.s.f.DefaultMavenResourcesFiltering - Using platform encoding (UTF-8 actually) to copy filtered resources, i.e. build is platform dependent!
2024-05-21 20:23:13,917 [Worker-13: Building] INFO  o.a.m.s.f.DefaultMavenResourcesFiltering - Copying 0 resource from src\test\resources to target\test-classes
2024-05-21 20:24:00,290 [Worker-13: Building] WARN  o.a.m.s.f.DefaultMavenResourcesFiltering - Using platform encoding (UTF-8 actually) to copy filtered resources, i.e. build is platform dependent!
2024-05-21 20:24:00,291 [Worker-13: Building] INFO  o.a.m.s.f.DefaultMavenResourcesFiltering - Copying 0 resource from src\main\resources to target\classes
2024-05-21 20:24:00,294 [Worker-13: Building] WARN  o.a.m.s.f.DefaultMavenResourcesFiltering - Using platform encoding (UTF-8 actually) to copy filtered resources, i.e. build is platform dependent!
2024-05-21 20:24:00,295 [Worker-13: Building] INFO  o.a.m.s.f.DefaultMavenResourcesFiltering - Copying 0 resource from src\test\resources to target\test-classes
2024-05-21 20:37:54,988 [ModalContext] INFO  o.e.m.c.i.e.AbstractTransferListenerAdapter - Downloading https://repo.maven.apache.org/maven2/org/apache/maven/archetypes/maven-archetype-webapp/1.0/maven-archetype-webapp-1.0.pom
2024-05-21 20:37:54,995 [ModalContext] INFO  o.e.m.c.i.e.AbstractTransferListenerAdapter - Downloaded https://repo.maven.apache.org/maven2/org/apache/maven/archetypes/maven-archetype-webapp/1.0/maven-archetype-webapp-1.0.pom
2024-05-21 20:37:55,020 [ModalContext] INFO  o.e.m.c.i.e.AbstractTransferListenerAdapter - Downloading https://repo.maven.apache.org/maven2/org/apache/maven/archetypes/maven-archetype-bundles/2/maven-archetype-bundles-2.pom
2024-05-21 20:37:55,024 [ModalContext] INFO  o.e.m.c.i.e.AbstractTransferListenerAdapter - Downloaded https://repo.maven.apache.org/maven2/org/apache/maven/archetypes/maven-archetype-bundles/2/maven-archetype-bundles-2.pom
2024-05-21 20:37:55,045 [ModalContext] INFO  o.e.m.c.i.e.AbstractTransferListenerAdapter - Downloading https://repo.maven.apache.org/maven2/org/apache/maven/archetype/maven-archetype-parent/1/maven-archetype-parent-1.pom
2024-05-21 20:37:55,049 [ModalContext] INFO  o.e.m.c.i.e.AbstractTransferListenerAdapter - Downloaded https://repo.maven.apache.org/maven2/org/apache/maven/archetype/maven-archetype-parent/1/maven-archetype-parent-1.pom
2024-05-21 20:37:55,073 [ModalContext] INFO  o.e.m.c.i.e.AbstractTransferListenerAdapter - Downloading https://repo.maven.apache.org/maven2/org/apache/maven/maven-parent/4/maven-parent-4.pom
2024-05-21 20:37:55,079 [ModalContext] INFO  o.e.m.c.i.e.AbstractTransferListenerAdapter - Downloaded https://repo.maven.apache.org/maven2/org/apache/maven/maven-parent/4/maven-parent-4.pom
2024-05-21 20:37:55,098 [ModalContext] INFO  o.e.m.c.i.e.AbstractTransferListenerAdapter - Downloading https://repo.maven.apache.org/maven2/org/apache/apache/3/apache-3.pom
2024-05-21 20:37:55,103 [ModalContext] INFO  o.e.m.c.i.e.AbstractTransferListenerAdapter - Downloaded https://repo.maven.apache.org/maven2/org/apache/apache/3/apache-3.pom
2024-05-21 20:37:55,130 [ModalContext] INFO  o.e.m.c.i.e.AbstractTransferListenerAdapter - Downloading https://repo.maven.apache.org/maven2/org/apache/maven/archetypes/maven-archetype-webapp/1.0/maven-archetype-webapp-1.0.jar
2024-05-21 20:37:55,134 [ModalContext] INFO  o.e.m.c.i.e.AbstractTransferListenerAdapter - Downloaded https://repo.maven.apache.org/maven2/org/apache/maven/archetypes/maven-archetype-webapp/1.0/maven-archetype-webapp-1.0.jar
2024-05-21 20:38:26,038 [Worker-19: Launching mavenrun-5abcf678-cb6f-4969-b13a-4caba5d93fa5] INFO  o.eclipse.m2e.core.internal.Bundles - getClasspathEntries(Bundle=org.eclipse.m2e.maven.runtime_3.9.600.20231203-1234 [637])
2024-05-21 20:38:26,040 [Worker-19: Launching mavenrun-5abcf678-cb6f-4969-b13a-4caba5d93fa5] INFO  o.eclipse.m2e.core.internal.Bundles - 	Entry: C:\Users\Mahi\.p2\pool\plugins\org.eclipse.m2e.maven.runtime_3.9.600.20231203-1234
2024-05-21 20:38:26,041 [Worker-19: Launching mavenrun-5abcf678-cb6f-4969-b13a-4caba5d93fa5] INFO  o.eclipse.m2e.core.internal.Bundles - 	Entry: C:\Users\Mahi\.p2\pool\plugins\org.eclipse.m2e.maven.runtime_3.9.600.20231203-1234\jars\aopalliance-1.0.jar
2024-05-21 20:38:26,041 [Worker-19: Launching mavenrun-5abcf678-cb6f-4969-b13a-4caba5d93fa5] INFO  o.eclipse.m2e.core.internal.Bundles - 	Entry: C:\Users\Mahi\.p2\pool\plugins\org.eclipse.m2e.maven.runtime_3.9.600.20231203-1234\jars\guice-5.1.0.jar
2024-05-21 20:38:26,042 [Worker-19: Launching mavenrun-5abcf678-cb6f-4969-b13a-4caba5d93fa5] INFO  o.eclipse.m2e.core.internal.Bundles - 	Entry: C:\Users\Mahi\.p2\pool\plugins\org.eclipse.m2e.maven.runtime_3.9.600.20231203-1234\jars\httpclient-4.5.14.jar
2024-05-21 20:38:26,042 [Worker-19: Launching mavenrun-5abcf678-cb6f-4969-b13a-4caba5d93fa5] INFO  o.eclipse.m2e.core.internal.Bundles - 	Entry: C:\Users\Mahi\.p2\pool\plugins\org.eclipse.m2e.maven.runtime_3.9.600.20231203-1234\jars\httpcore-4.4.16.jar
2024-05-21 20:38:26,042 [Worker-19: Launching mavenrun-5abcf678-cb6f-4969-b13a-4caba5d93fa5] INFO  o.eclipse.m2e.core.internal.Bundles - 	Entry: C:\Users\Mahi\.p2\pool\plugins\org.eclipse.m2e.maven.runtime_3.9.600.20231203-1234\jars\jansi-2.4.0.jar
2024-05-21 20:38:26,043 [Worker-19: Launching mavenrun-5abcf678-cb6f-4969-b13a-4caba5d93fa5] INFO  o.eclipse.m2e.core.internal.Bundles - 	Entry: C:\Users\Mahi\.p2\pool\plugins\org.eclipse.m2e.maven.runtime_3.9.600.20231203-1234\jars\jcl-over-slf4j-1.7.36.jar
2024-05-21 20:38:26,043 [Worker-19: Launching mavenrun-5abcf678-cb6f-4969-b13a-4caba5d93fa5] INFO  o.eclipse.m2e.core.internal.Bundles - 	Entry: C:\Users\Mahi\.p2\pool\plugins\org.eclipse.m2e.maven.runtime_3.9.600.20231203-1234\jars\maven-artifact-3.9.6.jar
2024-05-21 20:38:26,043 [Worker-19: Launching mavenrun-5abcf678-cb6f-4969-b13a-4caba5d93fa5] INFO  o.eclipse.m2e.core.internal.Bundles - 	Entry: C:\Users\Mahi\.p2\pool\plugins\org.eclipse.m2e.maven.runtime_3.9.600.20231203-1234\jars\maven-builder-support-3.9.6.jar
2024-05-21 20:38:26,043 [Worker-19: Launching mavenrun-5abcf678-cb6f-4969-b13a-4caba5d93fa5] INFO  o.eclipse.m2e.core.internal.Bundles - 	Entry: C:\Users\Mahi\.p2\pool\plugins\org.eclipse.m2e.maven.runtime_3.9.600.20231203-1234\jars\maven-compat-3.9.6.jar
2024-05-21 20:38:26,044 [Worker-19: Launching mavenrun-5abcf678-cb6f-4969-b13a-4caba5d93fa5] INFO  o.eclipse.m2e.core.internal.Bundles - 	Entry: C:\Users\Mahi\.p2\pool\plugins\org.eclipse.m2e.maven.runtime_3.9.600.20231203-1234\jars\maven-core-3.9.6.jar
2024-05-21 20:38:26,044 [Worker-19: Launching mavenrun-5abcf678-cb6f-4969-b13a-4caba5d93fa5] INFO  o.eclipse.m2e.core.internal.Bundles - 	Entry: C:\Users\Mahi\.p2\pool\plugins\org.eclipse.m2e.maven.runtime_3.9.600.20231203-1234\jars\maven-embedder-3.9.6.jar
2024-05-21 20:38:26,044 [Worker-19: Launching mavenrun-5abcf678-cb6f-4969-b13a-4caba5d93fa5] INFO  o.eclipse.m2e.core.internal.Bundles - 	Entry: C:\Users\Mahi\.p2\pool\plugins\org.eclipse.m2e.maven.runtime_3.9.600.20231203-1234\jars\maven-model-3.9.6.jar
2024-05-21 20:38:26,044 [Worker-19: Launching mavenrun-5abcf678-cb6f-4969-b13a-4caba5d93fa5] INFO  o.eclipse.m2e.core.internal.Bundles - 	Entry: C:\Users\Mahi\.p2\pool\plugins\org.eclipse.m2e.maven.runtime_3.9.600.20231203-1234\jars\maven-model-builder-3.9.6.jar
2024-05-21 20:38:26,045 [Worker-19: Launching mavenrun-5abcf678-cb6f-4969-b13a-4caba5d93fa5] INFO  o.eclipse.m2e.core.internal.Bundles - 	Entry: C:\Users\Mahi\.p2\pool\plugins\org.eclipse.m2e.maven.runtime_3.9.600.20231203-1234\jars\maven-plugin-api-3.9.6.jar
2024-05-21 20:38:26,045 [Worker-19: Launching mavenrun-5abcf678-cb6f-4969-b13a-4caba5d93fa5] INFO  o.eclipse.m2e.core.internal.Bundles - 	Entry: C:\Users\Mahi\.p2\pool\plugins\org.eclipse.m2e.maven.runtime_3.9.600.20231203-1234\jars\maven-repository-metadata-3.9.6.jar
2024-05-21 20:38:26,045 [Worker-19: Launching mavenrun-5abcf678-cb6f-4969-b13a-4caba5d93fa5] INFO  o.eclipse.m2e.core.internal.Bundles - 	Entry: C:\Users\Mahi\.p2\pool\plugins\org.eclipse.m2e.maven.runtime_3.9.600.20231203-1234\jars\maven-resolver-api-1.9.18.jar
2024-05-21 20:38:26,046 [Worker-19: Launching mavenrun-5abcf678-cb6f-4969-b13a-4caba5d93fa5] INFO  o.eclipse.m2e.core.internal.Bundles - 	Entry: C:\Users\Mahi\.p2\pool\plugins\org.eclipse.m2e.maven.runtime_3.9.600.20231203-1234\jars\maven-resolver-connector-basic-1.9.18.jar
2024-05-21 20:38:26,046 [Worker-19: Launching mavenrun-5abcf678-cb6f-4969-b13a-4caba5d93fa5] INFO  o.eclipse.m2e.core.internal.Bundles - 	Entry: C:\Users\Mahi\.p2\pool\plugins\org.eclipse.m2e.maven.runtime_3.9.600.20231203-1234\jars\maven-resolver-impl-1.9.18.jar
2024-05-21 20:38:26,046 [Worker-19: Launching mavenrun-5abcf678-cb6f-4969-b13a-4caba5d93fa5] INFO  o.eclipse.m2e.core.internal.Bundles - 	Entry: C:\Users\Mahi\.p2\pool\plugins\org.eclipse.m2e.maven.runtime_3.9.600.20231203-1234\jars\maven-resolver-named-locks-1.9.18.jar
2024-05-21 20:38:26,047 [Worker-19: Launching mavenrun-5abcf678-cb6f-4969-b13a-4caba5d93fa5] INFO  o.eclipse.m2e.core.internal.Bundles - 	Entry: C:\Users\Mahi\.p2\pool\plugins\org.eclipse.m2e.maven.runtime_3.9.600.20231203-1234\jars\maven-resolver-provider-3.9.6.jar
2024-05-21 20:38:26,047 [Worker-19: Launching mavenrun-5abcf678-cb6f-4969-b13a-4caba5d93fa5] INFO  o.eclipse.m2e.core.internal.Bundles - 	Entry: C:\Users\Mahi\.p2\pool\plugins\org.eclipse.m2e.maven.runtime_3.9.600.20231203-1234\jars\maven-resolver-spi-1.9.18.jar
2024-05-21 20:38:26,047 [Worker-19: Launching mavenrun-5abcf678-cb6f-4969-b13a-4caba5d93fa5] INFO  o.eclipse.m2e.core.internal.Bundles - 	Entry: C:\Users\Mahi\.p2\pool\plugins\org.eclipse.m2e.maven.runtime_3.9.600.20231203-1234\jars\maven-resolver-transport-file-1.9.18.jar
2024-05-21 20:38:26,047 [Worker-19: Launching mavenrun-5abcf678-cb6f-4969-b13a-4caba5d93fa5] INFO  o.eclipse.m2e.core.internal.Bundles - 	Entry: C:\Users\Mahi\.p2\pool\plugins\org.eclipse.m2e.maven.runtime_3.9.600.20231203-1234\jars\maven-resolver-transport-http-1.9.18.jar
2024-05-21 20:38:26,048 [Worker-19: Launching mavenrun-5abcf678-cb6f-4969-b13a-4caba5d93fa5] INFO  o.eclipse.m2e.core.internal.Bundles - 	Entry: C:\Users\Mahi\.p2\pool\plugins\org.eclipse.m2e.maven.runtime_3.9.600.20231203-1234\jars\maven-resolver-transport-wagon-1.9.18.jar
2024-05-21 20:38:26,048 [Worker-19: Launching mavenrun-5abcf678-cb6f-4969-b13a-4caba5d93fa5] INFO  o.eclipse.m2e.core.internal.Bundles - 	Entry: C:\Users\Mahi\.p2\pool\plugins\org.eclipse.m2e.maven.runtime_3.9.600.20231203-1234\jars\maven-resolver-util-1.9.18.jar
2024-05-21 20:38:26,048 [Worker-19: Launching mavenrun-5abcf678-cb6f-4969-b13a-4caba5d93fa5] INFO  o.eclipse.m2e.core.internal.Bundles - 	Entry: C:\Users\Mahi\.p2\pool\plugins\org.eclipse.m2e.maven.runtime_3.9.600.20231203-1234\jars\maven-settings-3.9.6.jar
2024-05-21 20:38:26,049 [Worker-19: Launching mavenrun-5abcf678-cb6f-4969-b13a-4caba5d93fa5] INFO  o.eclipse.m2e.core.internal.Bundles - 	Entry: C:\Users\Mahi\.p2\pool\plugins\org.eclipse.m2e.maven.runtime_3.9.600.20231203-1234\jars\maven-settings-builder-3.9.6.jar
2024-05-21 20:38:26,049 [Worker-19: Launching mavenrun-5abcf678-cb6f-4969-b13a-4caba5d93fa5] INFO  o.eclipse.m2e.core.internal.Bundles - 	Entry: C:\Users\Mahi\.p2\pool\plugins\org.eclipse.m2e.maven.runtime_3.9.600.20231203-1234\jars\maven-shared-utils-3.3.4.jar
2024-05-21 20:38:26,049 [Worker-19: Launching mavenrun-5abcf678-cb6f-4969-b13a-4caba5d93fa5] INFO  o.eclipse.m2e.core.internal.Bundles - 	Entry: C:\Users\Mahi\.p2\pool\plugins\org.eclipse.m2e.maven.runtime_3.9.600.20231203-1234\jars\org.eclipse.sisu.inject-0.9.0.M2.jar
2024-05-21 20:38:26,050 [Worker-19: Launching mavenrun-5abcf678-cb6f-4969-b13a-4caba5d93fa5] INFO  o.eclipse.m2e.core.internal.Bundles - 	Entry: C:\Users\Mahi\.p2\pool\plugins\org.eclipse.m2e.maven.runtime_3.9.600.20231203-1234\jars\org.eclipse.sisu.plexus-0.9.0.M2.jar
2024-05-21 20:38:26,050 [Worker-19: Launching mavenrun-5abcf678-cb6f-4969-b13a-4caba5d93fa5] INFO  o.eclipse.m2e.core.internal.Bundles - 	Entry: C:\Users\Mahi\.p2\pool\plugins\org.eclipse.m2e.maven.runtime_3.9.600.20231203-1234\jars\plexus-build-api-0.0.7.jar
2024-05-21 20:38:26,050 [Worker-19: Launching mavenrun-5abcf678-cb6f-4969-b13a-4caba5d93fa5] INFO  o.eclipse.m2e.core.internal.Bundles - 	Entry: C:\Users\Mahi\.p2\pool\plugins\org.eclipse.m2e.maven.runtime_3.9.600.20231203-1234\jars\plexus-cipher-2.0.jar
2024-05-21 20:38:26,050 [Worker-19: Launching mavenrun-5abcf678-cb6f-4969-b13a-4caba5d93fa5] INFO  o.eclipse.m2e.core.internal.Bundles - 	Entry: C:\Users\Mahi\.p2\pool\plugins\org.eclipse.m2e.maven.runtime_3.9.600.20231203-1234\jars\plexus-classworlds-2.7.0.jar
2024-05-21 20:38:26,051 [Worker-19: Launching mavenrun-5abcf678-cb6f-4969-b13a-4caba5d93fa5] INFO  o.eclipse.m2e.core.internal.Bundles - 	Entry: C:\Users\Mahi\.p2\pool\plugins\org.eclipse.m2e.maven.runtime_3.9.600.20231203-1234\jars\plexus-component-annotations-2.1.0.jar
2024-05-21 20:38:26,051 [Worker-19: Launching mavenrun-5abcf678-cb6f-4969-b13a-4caba5d93fa5] INFO  o.eclipse.m2e.core.internal.Bundles - 	Entry: C:\Users\Mahi\.p2\pool\plugins\org.eclipse.m2e.maven.runtime_3.9.600.20231203-1234\jars\plexus-interpolation-1.26.jar
2024-05-21 20:38:26,051 [Worker-19: Launching mavenrun-5abcf678-cb6f-4969-b13a-4caba5d93fa5] INFO  o.eclipse.m2e.core.internal.Bundles - 	Entry: C:\Users\Mahi\.p2\pool\plugins\org.eclipse.m2e.maven.runtime_3.9.600.20231203-1234\jars\plexus-sec-dispatcher-2.0.jar
2024-05-21 20:38:26,051 [Worker-19: Launching mavenrun-5abcf678-cb6f-4969-b13a-4caba5d93fa5] INFO  o.eclipse.m2e.core.internal.Bundles - 	Entry: C:\Users\Mahi\.p2\pool\plugins\org.eclipse.m2e.maven.runtime_3.9.600.20231203-1234\jars\plexus-utils-3.5.1.jar
2024-05-21 20:38:26,051 [Worker-19: Launching mavenrun-5abcf678-cb6f-4969-b13a-4caba5d93fa5] INFO  o.eclipse.m2e.core.internal.Bundles - 	Entry: C:\Users\Mahi\.p2\pool\plugins\org.eclipse.m2e.maven.runtime_3.9.600.20231203-1234\jars\wagon-file-3.5.3.jar
2024-05-21 20:38:26,052 [Worker-19: Launching mavenrun-5abcf678-cb6f-4969-b13a-4caba5d93fa5] INFO  o.eclipse.m2e.core.internal.Bundles - 	Entry: C:\Users\Mahi\.p2\pool\plugins\org.eclipse.m2e.maven.runtime_3.9.600.20231203-1234\jars\wagon-http-3.5.3.jar
2024-05-21 20:38:26,052 [Worker-19: Launching mavenrun-5abcf678-cb6f-4969-b13a-4caba5d93fa5] INFO  o.eclipse.m2e.core.internal.Bundles - 	Entry: C:\Users\Mahi\.p2\pool\plugins\org.eclipse.m2e.maven.runtime_3.9.600.20231203-1234\jars\wagon-http-shared-3.5.3.jar
2024-05-21 20:38:26,052 [Worker-19: Launching mavenrun-5abcf678-cb6f-4969-b13a-4caba5d93fa5] INFO  o.eclipse.m2e.core.internal.Bundles - 	Entry: C:\Users\Mahi\.p2\pool\plugins\org.eclipse.m2e.maven.runtime_3.9.600.20231203-1234\jars\wagon-provider-api-3.5.3.jar
2024-05-21 20:38:26,054 [Worker-19: Launching mavenrun-5abcf678-cb6f-4969-b13a-4caba5d93fa5] INFO  o.eclipse.m2e.core.internal.Bundles - getClasspathEntries(Bundle=com.google.guava_33.0.0.jre [14])
2024-05-21 20:38:26,055 [Worker-19: Launching mavenrun-5abcf678-cb6f-4969-b13a-4caba5d93fa5] INFO  o.eclipse.m2e.core.internal.Bundles - 	Entry: C:\Users\Mahi\.p2\pool\plugins\com.google.guava_33.0.0.jre.jar
2024-05-21 20:38:26,055 [Worker-19: Launching mavenrun-5abcf678-cb6f-4969-b13a-4caba5d93fa5] INFO  o.eclipse.m2e.core.internal.Bundles - getClasspathEntries(Bundle=slf4j.api_2.0.13 [1000])
2024-05-21 20:38:26,056 [Worker-19: Launching mavenrun-5abcf678-cb6f-4969-b13a-4caba5d93fa5] INFO  o.eclipse.m2e.core.internal.Bundles - 	Entry: C:\Users\Mahi\.p2\pool\plugins\slf4j.api_2.0.13.jar
2024-05-21 20:38:26,056 [Worker-19: Launching mavenrun-5abcf678-cb6f-4969-b13a-4caba5d93fa5] INFO  o.eclipse.m2e.core.internal.Bundles - getClasspathEntries(Bundle=jakarta.inject.jakarta.inject-api_1.0.5 [32])
2024-05-21 20:38:26,057 [Worker-19: Launching mavenrun-5abcf678-cb6f-4969-b13a-4caba5d93fa5] INFO  o.eclipse.m2e.core.internal.Bundles - 	Entry: C:\Users\Mahi\.p2\pool\plugins\jakarta.inject.jakarta.inject-api_1.0.5.jar
2024-05-21 20:38:26,057 [Worker-19: Launching mavenrun-5abcf678-cb6f-4969-b13a-4caba5d93fa5] INFO  o.eclipse.m2e.core.internal.Bundles - getClasspathEntries(Bundle=jakarta.annotation-api_1.3.5 [27])
2024-05-21 20:38:26,057 [Worker-19: Launching mavenrun-5abcf678-cb6f-4969-b13a-4caba5d93fa5] INFO  o.eclipse.m2e.core.internal.Bundles - 	Entry: C:\Users\Mahi\.p2\pool\plugins\jakarta.annotation-api_1.3.5.jar
2024-05-21 20:38:26,057 [Worker-19: Launching mavenrun-5abcf678-cb6f-4969-b13a-4caba5d93fa5] INFO  o.eclipse.m2e.core.internal.Bundles - getClasspathEntries(Bundle=org.apache.commons.cli_1.6.0 [75])
2024-05-21 20:38:26,058 [Worker-19: Launching mavenrun-5abcf678-cb6f-4969-b13a-4caba5d93fa5] INFO  o.eclipse.m2e.core.internal.Bundles - 	Entry: C:\Users\Mahi\.p2\pool\plugins\org.apache.commons.cli_1.6.0.jar
2024-05-21 20:38:26,058 [Worker-19: Launching mavenrun-5abcf678-cb6f-4969-b13a-4caba5d93fa5] INFO  o.eclipse.m2e.core.internal.Bundles - getClasspathEntries(Bundle=org.apache.commons.commons-codec_1.16.0 [78])
2024-05-21 20:38:26,058 [Worker-19: Launching mavenrun-5abcf678-cb6f-4969-b13a-4caba5d93fa5] INFO  o.eclipse.m2e.core.internal.Bundles - 	Entry: C:\Users\Mahi\.p2\pool\plugins\org.apache.commons.commons-codec_1.16.0.jar
2024-05-21 20:38:26,059 [Worker-19: Launching mavenrun-5abcf678-cb6f-4969-b13a-4caba5d93fa5] INFO  o.eclipse.m2e.core.internal.Bundles - getClasspathEntries(Bundle=org.apache.commons.lang3_3.14.0 [86])
2024-05-21 20:38:26,059 [Worker-19: Launching mavenrun-5abcf678-cb6f-4969-b13a-4caba5d93fa5] INFO  o.eclipse.m2e.core.internal.Bundles - 	Entry: C:\Users\Mahi\.p2\pool\plugins\org.apache.commons.lang3_3.14.0.jar
2024-05-21 20:38:26,059 [Worker-19: Launching mavenrun-5abcf678-cb6f-4969-b13a-4caba5d93fa5] INFO  o.eclipse.m2e.core.internal.Bundles - getClasspathEntries(Bundle=com.google.guava.failureaccess_1.0.2 [15])
2024-05-21 20:38:26,060 [Worker-19: Launching mavenrun-5abcf678-cb6f-4969-b13a-4caba5d93fa5] INFO  o.eclipse.m2e.core.internal.Bundles - 	Entry: C:\Users\Mahi\.p2\pool\plugins\com.google.guava.failureaccess_1.0.2.jar
2024-05-21 20:38:26,076 [Worker-19: Launching mavenrun-5abcf678-cb6f-4969-b13a-4caba5d93fa5] INFO  o.e.m.i.launch.MavenLaunchDelegate - Run build in "C:\Users\Mahi\AppData\Local\Temp\m2e-archetypeGenerator4219521451283574432":
2024-05-21 20:38:26,081 [Worker-19: Launching mavenrun-5abcf678-cb6f-4969-b13a-4caba5d93fa5] INFO  o.e.m.i.launch.MavenLaunchDelegate -  mvn  -DarchetypeGroupId=org.apache.maven.archetypes -DarchetypeArtifactId=maven-archetype-webapp -DarchetypeVersion=1.0 -DgroupId=com.ms.jdbc -DartifactId=JdbcDemo -Dversion=0.0.1-SNAPSHOT -Dpackage=com.ms.jdbc.JdbcDemo -DoutputDirectory=D:\JDBC -Dstyle.color=always -U archetype:generate
2024-05-21 20:38:55,937 [Worker-18: Creating maven-archetype-webapp] INFO  o.e.m.c.i.p.ProjectConfigurationManager - Collecting project info '/pom.xml' D:\JDBC\JdbcDemo\pom.xml
2024-05-21 20:38:56,167 [Worker-18: Creating maven-archetype-webapp] INFO  o.e.m.c.i.l.LifecycleMappingFactory - Using org.maven.ide.eclipse.wtp.WarLifecycleMapping lifecycle mapping for MavenProject: com.ms.jdbc:JdbcDemo:0.0.1-SNAPSHOT @ D:\JDBC\JdbcDemo\pom.xml.
2024-05-21 20:38:56,993 [Worker-18: Creating maven-archetype-webapp] INFO  o.e.m.j.i.AbstractJavaProjectConfigurator - Adding source folder /JdbcDemo/src/main/java
2024-05-21 20:38:56,994 [Worker-18: Creating maven-archetype-webapp] INFO  o.e.m.j.i.AbstractJavaProjectConfigurator - Adding resource folder /JdbcDemo/src/main/resources
2024-05-21 20:38:56,995 [Worker-18: Creating maven-archetype-webapp] INFO  o.e.m.j.i.AbstractJavaProjectConfigurator - Adding source folder /JdbcDemo/src/test/java
2024-05-21 20:38:56,995 [Worker-18: Creating maven-archetype-webapp] INFO  o.e.m.j.i.AbstractJavaProjectConfigurator - Adding resource folder /JdbcDemo/src/test/resources
2024-05-21 20:38:56,995 [Worker-18: Creating maven-archetype-webapp] ERROR o.e.m.j.i.AbstractJavaProjectConfigurator - Failed to find a compatible VM for environment id 'JavaSE-1.8', falling back to workspace default
2024-05-21 20:38:58,442 [Worker-18: Creating maven-archetype-webapp] INFO  o.e.m.c.i.p.ProjectConfigurationManager - Imported and configured 1 project(s) in 2 sec
2024-05-21 20:38:58,729 [Worker-22: Building] WARN  o.a.m.s.f.DefaultMavenResourcesFiltering - Using platform encoding (UTF-8 actually) to copy filtered resources, i.e. build is platform dependent!
2024-05-21 20:38:58,730 [Worker-22: Building] INFO  o.a.m.s.f.DefaultMavenResourcesFiltering - Copying 0 resource from src\main\resources to target\classes
2024-05-21 20:38:58,735 [Worker-22: Building] WARN  o.a.m.s.f.DefaultMavenResourcesFiltering - Using platform encoding (UTF-8 actually) to copy filtered resources, i.e. build is platform dependent!
2024-05-21 20:38:58,735 [Worker-22: Building] INFO  o.a.m.s.f.DefaultMavenResourcesFiltering - skip non existing resourceDirectory D:\JDBC\JdbcDemo\src\test\resources
2024-05-21 20:39:25,718 [Worker-21: Building] INFO  o.e.m.c.i.l.LifecycleMappingFactory - Using org.maven.ide.eclipse.wtp.WarLifecycleMapping lifecycle mapping for MavenProject: com.ms.jdbc:JdbcDemo:0.0.1-SNAPSHOT @ D:\JDBC\JdbcDemo\pom.xml.
2024-05-21 20:39:26,577 [Worker-21: Building] WARN  o.a.m.s.f.DefaultMavenResourcesFiltering - Using platform encoding (UTF-8 actually) to copy filtered resources, i.e. build is platform dependent!
2024-05-21 20:39:26,580 [Worker-21: Building] INFO  o.a.m.s.f.DefaultMavenResourcesFiltering - Copying 0 resource from src\main\resources to target\classes
2024-05-21 20:39:26,585 [Worker-21: Building] WARN  o.a.m.s.f.DefaultMavenResourcesFiltering - Using platform encoding (UTF-8 actually) to copy filtered resources, i.e. build is platform dependent!
2024-05-21 20:39:26,586 [Worker-21: Building] INFO  o.a.m.s.f.DefaultMavenResourcesFiltering - skip non existing resourceDirectory D:\JDBC\JdbcDemo\src\test\resources
2024-05-21 20:39:26,586 [Worker-21: Building] INFO  o.e.m.w.i.f.ResourceFilteringBuildParticipant - Changed resources require a complete clean of filtered resources of JdbcDemo
2024-05-21 20:39:26,587 [Worker-21: Building] INFO  o.e.m.w.i.f.ResourceFilteringBuildParticipant - Executing resource filtering for JdbcDemo
2024-05-21 20:39:40,974 [Worker-20: Updating Maven Project] INFO  o.e.m.c.i.p.ProjectConfigurationManager - Update started
2024-05-21 20:39:41,164 [Worker-20: Updating Maven Project] INFO  o.e.m.c.i.l.LifecycleMappingFactory - Using org.maven.ide.eclipse.wtp.WarLifecycleMapping lifecycle mapping for MavenProject: com.ms.jdbc:JdbcDemo:0.0.1-SNAPSHOT @ D:\JDBC\JdbcDemo\pom.xml.
2024-05-21 20:39:41,714 [Worker-20: Updating Maven Project] INFO  o.e.m.j.i.AbstractJavaProjectConfigurator - Adding source folder /JdbcDemo/src/main/java
2024-05-21 20:39:41,715 [Worker-20: Updating Maven Project] INFO  o.e.m.j.i.AbstractJavaProjectConfigurator - Adding resource folder /JdbcDemo/src/main/resources
2024-05-21 20:39:41,716 [Worker-20: Updating Maven Project] INFO  o.e.m.j.i.AbstractJavaProjectConfigurator - Adding source folder /JdbcDemo/src/test/java
2024-05-21 20:39:41,717 [Worker-20: Updating Maven Project] INFO  o.e.m.j.i.AbstractJavaProjectConfigurator - Adding resource folder /JdbcDemo/src/test/resources
2024-05-21 20:39:41,718 [Worker-20: Updating Maven Project] ERROR o.e.m.j.i.AbstractJavaProjectConfigurator - Failed to find a compatible VM for environment id 'JavaSE-1.8', falling back to workspace default
2024-05-21 20:39:41,974 [Worker-20: Updating Maven Project] INFO  o.e.m.w.i.f.ResourceFilteringBuildParticipant - Cleaning filtered folder for JdbcDemo
2024-05-21 20:39:41,985 [Worker-20: Updating Maven Project] INFO  o.e.m.c.i.p.ProjectConfigurationManager - Update completed for 1 poms: local refresh takes 0.00 sec, refresh facades takes 0.00 sec, update config takes 0.00 sec 
2024-05-21 20:39:42,139 [Worker-22: Building] WARN  o.a.m.s.f.DefaultMavenResourcesFiltering - Using platform encoding (UTF-8 actually) to copy filtered resources, i.e. build is platform dependent!
2024-05-21 20:39:42,140 [Worker-22: Building] INFO  o.a.m.s.f.DefaultMavenResourcesFiltering - Copying 0 resource from src\main\resources to target\classes
2024-05-21 20:39:42,145 [Worker-22: Building] WARN  o.a.m.s.f.DefaultMavenResourcesFiltering - Using platform encoding (UTF-8 actually) to copy filtered resources, i.e. build is platform dependent!
2024-05-21 20:39:42,146 [Worker-22: Building] INFO  o.a.m.s.f.DefaultMavenResourcesFiltering - skip non existing resourceDirectory D:\JDBC\JdbcDemo\src\test\resources
2024-05-21 20:39:42,146 [Worker-22: Building] INFO  o.e.m.w.i.f.ResourceFilteringBuildParticipant - Changed resources require a complete clean of filtered resources of JdbcDemo
2024-05-21 20:39:42,147 [Worker-22: Building] INFO  o.e.m.w.i.f.ResourceFilteringBuildParticipant - Executing resource filtering for JdbcDemo
2024-05-21 20:40:46,337 [ModalContext] INFO  o.e.m.c.i.e.AbstractTransferListenerAdapter - Downloading https://repo.maven.apache.org/maven2/org/apache/maven/archetypes/maven-archetype-quickstart/1.1/maven-archetype-quickstart-1.1.pom
2024-05-21 20:40:46,346 [ModalContext] INFO  o.e.m.c.i.e.AbstractTransferListenerAdapter - Downloaded https://repo.maven.apache.org/maven2/org/apache/maven/archetypes/maven-archetype-quickstart/1.1/maven-archetype-quickstart-1.1.pom
2024-05-21 20:40:46,385 [ModalContext] INFO  o.e.m.c.i.e.AbstractTransferListenerAdapter - Downloading https://repo.maven.apache.org/maven2/org/apache/maven/archetypes/maven-archetype-bundles/4/maven-archetype-bundles-4.pom
2024-05-21 20:40:46,397 [ModalContext] INFO  o.e.m.c.i.e.AbstractTransferListenerAdapter - Downloaded https://repo.maven.apache.org/maven2/org/apache/maven/archetypes/maven-archetype-bundles/4/maven-archetype-bundles-4.pom
2024-05-21 20:40:46,421 [ModalContext] INFO  o.e.m.c.i.e.AbstractTransferListenerAdapter - Downloading https://repo.maven.apache.org/maven2/org/apache/maven/archetype/maven-archetype/2.0-alpha-5/maven-archetype-2.0-alpha-5.pom
2024-05-21 20:40:46,430 [ModalContext] INFO  o.e.m.c.i.e.AbstractTransferListenerAdapter - Downloaded https://repo.maven.apache.org/maven2/org/apache/maven/archetype/maven-archetype/2.0-alpha-5/maven-archetype-2.0-alpha-5.pom
2024-05-21 20:40:46,469 [ModalContext] INFO  o.e.m.c.i.e.AbstractTransferListenerAdapter - Downloading https://repo.maven.apache.org/maven2/org/apache/maven/archetypes/maven-archetype-quickstart/1.1/maven-archetype-quickstart-1.1.jar
2024-05-21 20:40:46,494 [ModalContext] INFO  o.e.m.c.i.e.AbstractTransferListenerAdapter - Downloaded https://repo.maven.apache.org/maven2/org/apache/maven/archetypes/maven-archetype-quickstart/1.1/maven-archetype-quickstart-1.1.jar
2024-05-21 20:41:29,339 [Worker-23: Launching mavenrun-9198388b-9ffe-4fff-b58c-3204cfe95b96] INFO  o.eclipse.m2e.core.internal.Bundles - getClasspathEntries(Bundle=org.eclipse.m2e.maven.runtime_3.9.600.20231203-1234 [637])
2024-05-21 20:41:29,340 [Worker-23: Launching mavenrun-9198388b-9ffe-4fff-b58c-3204cfe95b96] INFO  o.eclipse.m2e.core.internal.Bundles - 	Entry: C:\Users\Mahi\.p2\pool\plugins\org.eclipse.m2e.maven.runtime_3.9.600.20231203-1234
2024-05-21 20:41:29,341 [Worker-23: Launching mavenrun-9198388b-9ffe-4fff-b58c-3204cfe95b96] INFO  o.eclipse.m2e.core.internal.Bundles - 	Entry: C:\Users\Mahi\.p2\pool\plugins\org.eclipse.m2e.maven.runtime_3.9.600.20231203-1234\jars\aopalliance-1.0.jar
2024-05-21 20:41:29,341 [Worker-23: Launching mavenrun-9198388b-9ffe-4fff-b58c-3204cfe95b96] INFO  o.eclipse.m2e.core.internal.Bundles - 	Entry: C:\Users\Mahi\.p2\pool\plugins\org.eclipse.m2e.maven.runtime_3.9.600.20231203-1234\jars\guice-5.1.0.jar
2024-05-21 20:41:29,341 [Worker-23: Launching mavenrun-9198388b-9ffe-4fff-b58c-3204cfe95b96] INFO  o.eclipse.m2e.core.internal.Bundles - 	Entry: C:\Users\Mahi\.p2\pool\plugins\org.eclipse.m2e.maven.runtime_3.9.600.20231203-1234\jars\httpclient-4.5.14.jar
2024-05-21 20:41:29,342 [Worker-23: Launching mavenrun-9198388b-9ffe-4fff-b58c-3204cfe95b96] INFO  o.eclipse.m2e.core.internal.Bundles - 	Entry: C:\Users\Mahi\.p2\pool\plugins\org.eclipse.m2e.maven.runtime_3.9.600.20231203-1234\jars\httpcore-4.4.16.jar
2024-05-21 20:41:29,342 [Worker-23: Launching mavenrun-9198388b-9ffe-4fff-b58c-3204cfe95b96] INFO  o.eclipse.m2e.core.internal.Bundles - 	Entry: C:\Users\Mahi\.p2\pool\plugins\org.eclipse.m2e.maven.runtime_3.9.600.20231203-1234\jars\jansi-2.4.0.jar
2024-05-21 20:41:29,342 [Worker-23: Launching mavenrun-9198388b-9ffe-4fff-b58c-3204cfe95b96] INFO  o.eclipse.m2e.core.internal.Bundles - 	Entry: C:\Users\Mahi\.p2\pool\plugins\org.eclipse.m2e.maven.runtime_3.9.600.20231203-1234\jars\jcl-over-slf4j-1.7.36.jar
2024-05-21 20:41:29,342 [Worker-23: Launching mavenrun-9198388b-9ffe-4fff-b58c-3204cfe95b96] INFO  o.eclipse.m2e.core.internal.Bundles - 	Entry: C:\Users\Mahi\.p2\pool\plugins\org.eclipse.m2e.maven.runtime_3.9.600.20231203-1234\jars\maven-artifact-3.9.6.jar
2024-05-21 20:41:29,343 [Worker-23: Launching mavenrun-9198388b-9ffe-4fff-b58c-3204cfe95b96] INFO  o.eclipse.m2e.core.internal.Bundles - 	Entry: C:\Users\Mahi\.p2\pool\plugins\org.eclipse.m2e.maven.runtime_3.9.600.20231203-1234\jars\maven-builder-support-3.9.6.jar
2024-05-21 20:41:29,343 [Worker-23: Launching mavenrun-9198388b-9ffe-4fff-b58c-3204cfe95b96] INFO  o.eclipse.m2e.core.internal.Bundles - 	Entry: C:\Users\Mahi\.p2\pool\plugins\org.eclipse.m2e.maven.runtime_3.9.600.20231203-1234\jars\maven-compat-3.9.6.jar
2024-05-21 20:41:29,344 [Worker-23: Launching mavenrun-9198388b-9ffe-4fff-b58c-3204cfe95b96] INFO  o.eclipse.m2e.core.internal.Bundles - 	Entry: C:\Users\Mahi\.p2\pool\plugins\org.eclipse.m2e.maven.runtime_3.9.600.20231203-1234\jars\maven-core-3.9.6.jar
2024-05-21 20:41:29,344 [Worker-23: Launching mavenrun-9198388b-9ffe-4fff-b58c-3204cfe95b96] INFO  o.eclipse.m2e.core.internal.Bundles - 	Entry: C:\Users\Mahi\.p2\pool\plugins\org.eclipse.m2e.maven.runtime_3.9.600.20231203-1234\jars\maven-embedder-3.9.6.jar
2024-05-21 20:41:29,344 [Worker-23: Launching mavenrun-9198388b-9ffe-4fff-b58c-3204cfe95b96] INFO  o.eclipse.m2e.core.internal.Bundles - 	Entry: C:\Users\Mahi\.p2\pool\plugins\org.eclipse.m2e.maven.runtime_3.9.600.20231203-1234\jars\maven-model-3.9.6.jar
2024-05-21 20:41:29,344 [Worker-23: Launching mavenrun-9198388b-9ffe-4fff-b58c-3204cfe95b96] INFO  o.eclipse.m2e.core.internal.Bundles - 	Entry: C:\Users\Mahi\.p2\pool\plugins\org.eclipse.m2e.maven.runtime_3.9.600.20231203-1234\jars\maven-model-builder-3.9.6.jar
2024-05-21 20:41:29,345 [Worker-23: Launching mavenrun-9198388b-9ffe-4fff-b58c-3204cfe95b96] INFO  o.eclipse.m2e.core.internal.Bundles - 	Entry: C:\Users\Mahi\.p2\pool\plugins\org.eclipse.m2e.maven.runtime_3.9.600.20231203-1234\jars\maven-plugin-api-3.9.6.jar
2024-05-21 20:41:29,345 [Worker-23: Launching mavenrun-9198388b-9ffe-4fff-b58c-3204cfe95b96] INFO  o.eclipse.m2e.core.internal.Bundles - 	Entry: C:\Users\Mahi\.p2\pool\plugins\org.eclipse.m2e.maven.runtime_3.9.600.20231203-1234\jars\maven-repository-metadata-3.9.6.jar
2024-05-21 20:41:29,345 [Worker-23: Launching mavenrun-9198388b-9ffe-4fff-b58c-3204cfe95b96] INFO  o.eclipse.m2e.core.internal.Bundles - 	Entry: C:\Users\Mahi\.p2\pool\plugins\org.eclipse.m2e.maven.runtime_3.9.600.20231203-1234\jars\maven-resolver-api-1.9.18.jar
2024-05-21 20:41:29,345 [Worker-23: Launching mavenrun-9198388b-9ffe-4fff-b58c-3204cfe95b96] INFO  o.eclipse.m2e.core.internal.Bundles - 	Entry: C:\Users\Mahi\.p2\pool\plugins\org.eclipse.m2e.maven.runtime_3.9.600.20231203-1234\jars\maven-resolver-connector-basic-1.9.18.jar
2024-05-21 20:41:29,346 [Worker-23: Launching mavenrun-9198388b-9ffe-4fff-b58c-3204cfe95b96] INFO  o.eclipse.m2e.core.internal.Bundles - 	Entry: C:\Users\Mahi\.p2\pool\plugins\org.eclipse.m2e.maven.runtime_3.9.600.20231203-1234\jars\maven-resolver-impl-1.9.18.jar
2024-05-21 20:41:29,346 [Worker-23: Launching mavenrun-9198388b-9ffe-4fff-b58c-3204cfe95b96] INFO  o.eclipse.m2e.core.internal.Bundles - 	Entry: C:\Users\Mahi\.p2\pool\plugins\org.eclipse.m2e.maven.runtime_3.9.600.20231203-1234\jars\maven-resolver-named-locks-1.9.18.jar
2024-05-21 20:41:29,347 [Worker-23: Launching mavenrun-9198388b-9ffe-4fff-b58c-3204cfe95b96] INFO  o.eclipse.m2e.core.internal.Bundles - 	Entry: C:\Users\Mahi\.p2\pool\plugins\org.eclipse.m2e.maven.runtime_3.9.600.20231203-1234\jars\maven-resolver-provider-3.9.6.jar
2024-05-21 20:41:29,347 [Worker-23: Launching mavenrun-9198388b-9ffe-4fff-b58c-3204cfe95b96] INFO  o.eclipse.m2e.core.internal.Bundles - 	Entry: C:\Users\Mahi\.p2\pool\plugins\org.eclipse.m2e.maven.runtime_3.9.600.20231203-1234\jars\maven-resolver-spi-1.9.18.jar
2024-05-21 20:41:29,347 [Worker-23: Launching mavenrun-9198388b-9ffe-4fff-b58c-3204cfe95b96] INFO  o.eclipse.m2e.core.internal.Bundles - 	Entry: C:\Users\Mahi\.p2\pool\plugins\org.eclipse.m2e.maven.runtime_3.9.600.20231203-1234\jars\maven-resolver-transport-file-1.9.18.jar
2024-05-21 20:41:29,348 [Worker-23: Launching mavenrun-9198388b-9ffe-4fff-b58c-3204cfe95b96] INFO  o.eclipse.m2e.core.internal.Bundles - 	Entry: C:\Users\Mahi\.p2\pool\plugins\org.eclipse.m2e.maven.runtime_3.9.600.20231203-1234\jars\maven-resolver-transport-http-1.9.18.jar
2024-05-21 20:41:29,348 [Worker-23: Launching mavenrun-9198388b-9ffe-4fff-b58c-3204cfe95b96] INFO  o.eclipse.m2e.core.internal.Bundles - 	Entry: C:\Users\Mahi\.p2\pool\plugins\org.eclipse.m2e.maven.runtime_3.9.600.20231203-1234\jars\maven-resolver-transport-wagon-1.9.18.jar
2024-05-21 20:41:29,348 [Worker-23: Launching mavenrun-9198388b-9ffe-4fff-b58c-3204cfe95b96] INFO  o.eclipse.m2e.core.internal.Bundles - 	Entry: C:\Users\Mahi\.p2\pool\plugins\org.eclipse.m2e.maven.runtime_3.9.600.20231203-1234\jars\maven-resolver-util-1.9.18.jar
2024-05-21 20:41:29,349 [Worker-23: Launching mavenrun-9198388b-9ffe-4fff-b58c-3204cfe95b96] INFO  o.eclipse.m2e.core.internal.Bundles - 	Entry: C:\Users\Mahi\.p2\pool\plugins\org.eclipse.m2e.maven.runtime_3.9.600.20231203-1234\jars\maven-settings-3.9.6.jar
2024-05-21 20:41:29,349 [Worker-23: Launching mavenrun-9198388b-9ffe-4fff-b58c-3204cfe95b96] INFO  o.eclipse.m2e.core.internal.Bundles - 	Entry: C:\Users\Mahi\.p2\pool\plugins\org.eclipse.m2e.maven.runtime_3.9.600.20231203-1234\jars\maven-settings-builder-3.9.6.jar
2024-05-21 20:41:29,349 [Worker-23: Launching mavenrun-9198388b-9ffe-4fff-b58c-3204cfe95b96] INFO  o.eclipse.m2e.core.internal.Bundles - 	Entry: C:\Users\Mahi\.p2\pool\plugins\org.eclipse.m2e.maven.runtime_3.9.600.20231203-1234\jars\maven-shared-utils-3.3.4.jar
2024-05-21 20:41:29,349 [Worker-23: Launching mavenrun-9198388b-9ffe-4fff-b58c-3204cfe95b96] INFO  o.eclipse.m2e.core.internal.Bundles - 	Entry: C:\Users\Mahi\.p2\pool\plugins\org.eclipse.m2e.maven.runtime_3.9.600.20231203-1234\jars\org.eclipse.sisu.inject-0.9.0.M2.jar
2024-05-21 20:41:29,350 [Worker-23: Launching mavenrun-9198388b-9ffe-4fff-b58c-3204cfe95b96] INFO  o.eclipse.m2e.core.internal.Bundles - 	Entry: C:\Users\Mahi\.p2\pool\plugins\org.eclipse.m2e.maven.runtime_3.9.600.20231203-1234\jars\org.eclipse.sisu.plexus-0.9.0.M2.jar
2024-05-21 20:41:29,350 [Worker-23: Launching mavenrun-9198388b-9ffe-4fff-b58c-3204cfe95b96] INFO  o.eclipse.m2e.core.internal.Bundles - 	Entry: C:\Users\Mahi\.p2\pool\plugins\org.eclipse.m2e.maven.runtime_3.9.600.20231203-1234\jars\plexus-build-api-0.0.7.jar
2024-05-21 20:41:29,350 [Worker-23: Launching mavenrun-9198388b-9ffe-4fff-b58c-3204cfe95b96] INFO  o.eclipse.m2e.core.internal.Bundles - 	Entry: C:\Users\Mahi\.p2\pool\plugins\org.eclipse.m2e.maven.runtime_3.9.600.20231203-1234\jars\plexus-cipher-2.0.jar
2024-05-21 20:41:29,350 [Worker-23: Launching mavenrun-9198388b-9ffe-4fff-b58c-3204cfe95b96] INFO  o.eclipse.m2e.core.internal.Bundles - 	Entry: C:\Users\Mahi\.p2\pool\plugins\org.eclipse.m2e.maven.runtime_3.9.600.20231203-1234\jars\plexus-classworlds-2.7.0.jar
2024-05-21 20:41:29,351 [Worker-23: Launching mavenrun-9198388b-9ffe-4fff-b58c-3204cfe95b96] INFO  o.eclipse.m2e.core.internal.Bundles - 	Entry: C:\Users\Mahi\.p2\pool\plugins\org.eclipse.m2e.maven.runtime_3.9.600.20231203-1234\jars\plexus-component-annotations-2.1.0.jar
2024-05-21 20:41:29,352 [Worker-23: Launching mavenrun-9198388b-9ffe-4fff-b58c-3204cfe95b96] INFO  o.eclipse.m2e.core.internal.Bundles - 	Entry: C:\Users\Mahi\.p2\pool\plugins\org.eclipse.m2e.maven.runtime_3.9.600.20231203-1234\jars\plexus-interpolation-1.26.jar
2024-05-21 20:41:29,352 [Worker-23: Launching mavenrun-9198388b-9ffe-4fff-b58c-3204cfe95b96] INFO  o.eclipse.m2e.core.internal.Bundles - 	Entry: C:\Users\Mahi\.p2\pool\plugins\org.eclipse.m2e.maven.runtime_3.9.600.20231203-1234\jars\plexus-sec-dispatcher-2.0.jar
2024-05-21 20:41:29,352 [Worker-23: Launching mavenrun-9198388b-9ffe-4fff-b58c-3204cfe95b96] INFO  o.eclipse.m2e.core.internal.Bundles - 	Entry: C:\Users\Mahi\.p2\pool\plugins\org.eclipse.m2e.maven.runtime_3.9.600.20231203-1234\jars\plexus-utils-3.5.1.jar
2024-05-21 20:41:29,353 [Worker-23: Launching mavenrun-9198388b-9ffe-4fff-b58c-3204cfe95b96] INFO  o.eclipse.m2e.core.internal.Bundles - 	Entry: C:\Users\Mahi\.p2\pool\plugins\org.eclipse.m2e.maven.runtime_3.9.600.20231203-1234\jars\wagon-file-3.5.3.jar
2024-05-21 20:41:29,353 [Worker-23: Launching mavenrun-9198388b-9ffe-4fff-b58c-3204cfe95b96] INFO  o.eclipse.m2e.core.internal.Bundles - 	Entry: C:\Users\Mahi\.p2\pool\plugins\org.eclipse.m2e.maven.runtime_3.9.600.20231203-1234\jars\wagon-http-3.5.3.jar
2024-05-21 20:41:29,354 [Worker-23: Launching mavenrun-9198388b-9ffe-4fff-b58c-3204cfe95b96] INFO  o.eclipse.m2e.core.internal.Bundles - 	Entry: C:\Users\Mahi\.p2\pool\plugins\org.eclipse.m2e.maven.runtime_3.9.600.20231203-1234\jars\wagon-http-shared-3.5.3.jar
2024-05-21 20:41:29,354 [Worker-23: Launching mavenrun-9198388b-9ffe-4fff-b58c-3204cfe95b96] INFO  o.eclipse.m2e.core.internal.Bundles - 	Entry: C:\Users\Mahi\.p2\pool\plugins\org.eclipse.m2e.maven.runtime_3.9.600.20231203-1234\jars\wagon-provider-api-3.5.3.jar
2024-05-21 20:41:29,355 [Worker-23: Launching mavenrun-9198388b-9ffe-4fff-b58c-3204cfe95b96] INFO  o.eclipse.m2e.core.internal.Bundles - getClasspathEntries(Bundle=com.google.guava_33.0.0.jre [14])
2024-05-21 20:41:29,355 [Worker-23: Launching mavenrun-9198388b-9ffe-4fff-b58c-3204cfe95b96] INFO  o.eclipse.m2e.core.internal.Bundles - 	Entry: C:\Users\Mahi\.p2\pool\plugins\com.google.guava_33.0.0.jre.jar
2024-05-21 20:41:29,355 [Worker-23: Launching mavenrun-9198388b-9ffe-4fff-b58c-3204cfe95b96] INFO  o.eclipse.m2e.core.internal.Bundles - getClasspathEntries(Bundle=slf4j.api_2.0.13 [1000])
2024-05-21 20:41:29,356 [Worker-23: Launching mavenrun-9198388b-9ffe-4fff-b58c-3204cfe95b96] INFO  o.eclipse.m2e.core.internal.Bundles - 	Entry: C:\Users\Mahi\.p2\pool\plugins\slf4j.api_2.0.13.jar
2024-05-21 20:41:29,356 [Worker-23: Launching mavenrun-9198388b-9ffe-4fff-b58c-3204cfe95b96] INFO  o.eclipse.m2e.core.internal.Bundles - getClasspathEntries(Bundle=jakarta.inject.jakarta.inject-api_1.0.5 [32])
2024-05-21 20:41:29,357 [Worker-23: Launching mavenrun-9198388b-9ffe-4fff-b58c-3204cfe95b96] INFO  o.eclipse.m2e.core.internal.Bundles - 	Entry: C:\Users\Mahi\.p2\pool\plugins\jakarta.inject.jakarta.inject-api_1.0.5.jar
2024-05-21 20:41:29,357 [Worker-23: Launching mavenrun-9198388b-9ffe-4fff-b58c-3204cfe95b96] INFO  o.eclipse.m2e.core.internal.Bundles - getClasspathEntries(Bundle=jakarta.annotation-api_1.3.5 [27])
2024-05-21 20:41:29,357 [Worker-23: Launching mavenrun-9198388b-9ffe-4fff-b58c-3204cfe95b96] INFO  o.eclipse.m2e.core.internal.Bundles - 	Entry: C:\Users\Mahi\.p2\pool\plugins\jakarta.annotation-api_1.3.5.jar
2024-05-21 20:41:29,357 [Worker-23: Launching mavenrun-9198388b-9ffe-4fff-b58c-3204cfe95b96] INFO  o.eclipse.m2e.core.internal.Bundles - getClasspathEntries(Bundle=org.apache.commons.cli_1.6.0 [75])
2024-05-21 20:41:29,358 [Worker-23: Launching mavenrun-9198388b-9ffe-4fff-b58c-3204cfe95b96] INFO  o.eclipse.m2e.core.internal.Bundles - 	Entry: C:\Users\Mahi\.p2\pool\plugins\org.apache.commons.cli_1.6.0.jar
2024-05-21 20:41:29,358 [Worker-23: Launching mavenrun-9198388b-9ffe-4fff-b58c-3204cfe95b96] INFO  o.eclipse.m2e.core.internal.Bundles - getClasspathEntries(Bundle=org.apache.commons.commons-codec_1.16.0 [78])
2024-05-21 20:41:29,358 [Worker-23: Launching mavenrun-9198388b-9ffe-4fff-b58c-3204cfe95b96] INFO  o.eclipse.m2e.core.internal.Bundles - 	Entry: C:\Users\Mahi\.p2\pool\plugins\org.apache.commons.commons-codec_1.16.0.jar
2024-05-21 20:41:29,358 [Worker-23: Launching mavenrun-9198388b-9ffe-4fff-b58c-3204cfe95b96] INFO  o.eclipse.m2e.core.internal.Bundles - getClasspathEntries(Bundle=org.apache.commons.lang3_3.14.0 [86])
2024-05-21 20:41:29,359 [Worker-23: Launching mavenrun-9198388b-9ffe-4fff-b58c-3204cfe95b96] INFO  o.eclipse.m2e.core.internal.Bundles - 	Entry: C:\Users\Mahi\.p2\pool\plugins\org.apache.commons.lang3_3.14.0.jar
2024-05-21 20:41:29,359 [Worker-23: Launching mavenrun-9198388b-9ffe-4fff-b58c-3204cfe95b96] INFO  o.eclipse.m2e.core.internal.Bundles - getClasspathEntries(Bundle=com.google.guava.failureaccess_1.0.2 [15])
2024-05-21 20:41:29,359 [Worker-23: Launching mavenrun-9198388b-9ffe-4fff-b58c-3204cfe95b96] INFO  o.eclipse.m2e.core.internal.Bundles - 	Entry: C:\Users\Mahi\.p2\pool\plugins\com.google.guava.failureaccess_1.0.2.jar
2024-05-21 20:41:29,360 [Worker-23: Launching mavenrun-9198388b-9ffe-4fff-b58c-3204cfe95b96] INFO  o.e.m.i.launch.MavenLaunchDelegate - Run build in "C:\Users\Mahi\AppData\Local\Temp\m2e-archetypeGenerator10205815345077164519":
2024-05-21 20:41:29,361 [Worker-23: Launching mavenrun-9198388b-9ffe-4fff-b58c-3204cfe95b96] INFO  o.e.m.i.launch.MavenLaunchDelegate -  mvn  -DarchetypeGroupId=org.apache.maven.archetypes -DarchetypeArtifactId=maven-archetype-quickstart -DarchetypeVersion=1.1 -DgroupId=com.ms.jdbc -DartifactId=my-jdbc -Dversion=0.0.1-SNAPSHOT -Dpackage=com.ms.jdbc.my_jdbc -DoutputDirectory=D:\JDBC -Dstyle.color=always -U archetype:generate
2024-05-21 20:41:45,465 [Worker-21: Creating maven-archetype-quickstart] INFO  o.e.m.c.i.p.ProjectConfigurationManager - Collecting project info '/pom.xml' D:\JDBC\my-jdbc\pom.xml
2024-05-21 20:41:45,660 [Worker-21: Creating maven-archetype-quickstart] INFO  o.e.m.c.i.l.LifecycleMappingFactory - Using org.eclipse.m2e.jdt.JarLifecycleMapping lifecycle mapping for MavenProject: com.ms.jdbc:my-jdbc:0.0.1-SNAPSHOT @ D:\JDBC\my-jdbc\pom.xml.
2024-05-21 20:41:45,975 [Worker-21: Creating maven-archetype-quickstart] INFO  o.e.m.j.i.AbstractJavaProjectConfigurator - Adding source folder /my-jdbc/src/main/java
2024-05-21 20:41:45,976 [Worker-21: Creating maven-archetype-quickstart] INFO  o.e.m.j.i.AbstractJavaProjectConfigurator - Adding resource folder /my-jdbc/src/main/resources
2024-05-21 20:41:45,978 [Worker-21: Creating maven-archetype-quickstart] INFO  o.e.m.j.i.AbstractJavaProjectConfigurator - Adding source folder /my-jdbc/src/test/java
2024-05-21 20:41:45,979 [Worker-21: Creating maven-archetype-quickstart] INFO  o.e.m.j.i.AbstractJavaProjectConfigurator - Adding resource folder /my-jdbc/src/test/resources
2024-05-21 20:41:45,979 [Worker-21: Creating maven-archetype-quickstart] ERROR o.e.m.j.i.AbstractJavaProjectConfigurator - Failed to find a compatible VM for environment id 'JavaSE-1.8', falling back to workspace default
2024-05-21 20:41:46,022 [Worker-21: Creating maven-archetype-quickstart] INFO  o.e.m.c.i.p.ProjectConfigurationManager - Imported and configured 1 project(s) in 0 sec
2024-05-21 20:41:46,330 [Worker-23: Building] INFO  o.a.m.s.f.DefaultMavenResourcesFiltering - skip non existing resourceDirectory D:\JDBC\my-jdbc\src\main\resources
2024-05-21 20:41:46,336 [Worker-23: Building] INFO  o.a.m.s.f.DefaultMavenResourcesFiltering - skip non existing resourceDirectory D:\JDBC\my-jdbc\src\test\resources
2024-05-21 20:42:03,525 [Worker-24: Building] INFO  o.e.m.c.i.l.LifecycleMappingFactory - Using org.eclipse.m2e.jdt.JarLifecycleMapping lifecycle mapping for MavenProject: com.ms.jdbc:my-jdbc:0.0.1-SNAPSHOT @ D:\JDBC\my-jdbc\pom.xml.
2024-05-21 20:42:03,666 [Worker-24: Building] INFO  o.a.m.s.f.DefaultMavenResourcesFiltering - skip non existing resourceDirectory D:\JDBC\my-jdbc\src\main\resources
2024-05-21 20:42:03,670 [Worker-24: Building] INFO  o.a.m.s.f.DefaultMavenResourcesFiltering - skip non existing resourceDirectory D:\JDBC\my-jdbc\src\test\resources
2024-05-21 20:42:05,018 [Worker-22: Building] INFO  o.a.m.s.f.DefaultMavenResourcesFiltering - skip non existing resourceDirectory D:\JDBC\my-jdbc\src\main\resources
2024-05-21 20:42:05,020 [Worker-22: Building] INFO  o.a.m.s.f.DefaultMavenResourcesFiltering - skip non existing resourceDirectory D:\JDBC\my-jdbc\src\test\resources
2024-05-21 20:43:30,420 [Worker-20: Building] INFO  o.a.m.s.f.DefaultMavenResourcesFiltering - skip non existing resourceDirectory D:\JDBC\my-jdbc\src\main\resources
2024-05-21 20:43:30,422 [Worker-20: Building] INFO  o.a.m.s.f.DefaultMavenResourcesFiltering - skip non existing resourceDirectory D:\JDBC\my-jdbc\src\test\resources
2024-05-21 21:02:06,575 [Worker-26: Building] INFO  o.a.m.s.f.DefaultMavenResourcesFiltering - skip non existing resourceDirectory D:\JDBC\my-jdbc\src\main\resources
2024-05-21 21:02:06,577 [Worker-26: Building] INFO  o.a.m.s.f.DefaultMavenResourcesFiltering - skip non existing resourceDirectory D:\JDBC\my-jdbc\src\test\resources
2024-05-21 21:02:33,507 [Worker-29: Building] INFO  o.a.m.s.f.DefaultMavenResourcesFiltering - skip non existing resourceDirectory D:\JDBC\my-jdbc\src\main\resources
2024-05-21 21:02:33,509 [Worker-29: Building] INFO  o.a.m.s.f.DefaultMavenResourcesFiltering - skip non existing resourceDirectory D:\JDBC\my-jdbc\src\test\resources
2024-05-21 21:02:52,090 [Worker-22: Building] INFO  o.a.m.s.f.DefaultMavenResourcesFiltering - skip non existing resourceDirectory D:\JDBC\my-jdbc\src\main\resources
2024-05-21 21:02:52,093 [Worker-22: Building] INFO  o.a.m.s.f.DefaultMavenResourcesFiltering - skip non existing resourceDirectory D:\JDBC\my-jdbc\src\test\resources
2024-05-21 21:03:00,051 [Worker-30: Building] INFO  o.a.m.s.f.DefaultMavenResourcesFiltering - skip non existing resourceDirectory D:\JDBC\my-jdbc\src\main\resources
2024-05-21 21:03:00,055 [Worker-30: Building] INFO  o.a.m.s.f.DefaultMavenResourcesFiltering - skip non existing resourceDirectory D:\JDBC\my-jdbc\src\test\resources
2024-05-21 21:07:53,038 [Worker-28: Building] INFO  o.a.m.s.f.DefaultMavenResourcesFiltering - skip non existing resourceDirectory D:\JDBC\my-jdbc\src\main\resources
2024-05-21 21:07:53,041 [Worker-28: Building] INFO  o.a.m.s.f.DefaultMavenResourcesFiltering - skip non existing resourceDirectory D:\JDBC\my-jdbc\src\test\resources
2024-05-21 21:11:30,357 [Worker-34: Building] INFO  o.a.m.s.f.DefaultMavenResourcesFiltering - skip non existing resourceDirectory D:\JDBC\my-jdbc\src\main\resources
2024-05-21 21:11:30,361 [Worker-34: Building] INFO  o.a.m.s.f.DefaultMavenResourcesFiltering - skip non existing resourceDirectory D:\JDBC\my-jdbc\src\test\resources
2024-05-21 21:13:56,302 [Worker-34: Building] INFO  o.a.m.s.f.DefaultMavenResourcesFiltering - skip non existing resourceDirectory D:\JDBC\my-jdbc\src\main\resources
2024-05-21 21:13:56,305 [Worker-34: Building] INFO  o.a.m.s.f.DefaultMavenResourcesFiltering - skip non existing resourceDirectory D:\JDBC\my-jdbc\src\test\resources
2024-05-21 21:14:11,130 [Worker-34: Building] INFO  o.a.m.s.f.DefaultMavenResourcesFiltering - skip non existing resourceDirectory D:\JDBC\my-jdbc\src\main\resources
2024-05-21 21:14:11,132 [Worker-34: Building] INFO  o.a.m.s.f.DefaultMavenResourcesFiltering - skip non existing resourceDirectory D:\JDBC\my-jdbc\src\test\resources
2024-05-21 21:14:14,608 [Worker-35: Building] INFO  o.a.m.s.f.DefaultMavenResourcesFiltering - skip non existing resourceDirectory D:\JDBC\my-jdbc\src\main\resources
2024-05-21 21:14:14,611 [Worker-35: Building] INFO  o.a.m.s.f.DefaultMavenResourcesFiltering - skip non existing resourceDirectory D:\JDBC\my-jdbc\src\test\resources
2024-05-21 21:15:43,939 [Worker-35: Building] INFO  o.a.m.s.f.DefaultMavenResourcesFiltering - skip non existing resourceDirectory D:\JDBC\my-jdbc\src\main\resources
2024-05-21 21:15:43,943 [Worker-35: Building] INFO  o.a.m.s.f.DefaultMavenResourcesFiltering - skip non existing resourceDirectory D:\JDBC\my-jdbc\src\test\resources
2024-05-21 21:16:10,451 [Worker-35: Building] INFO  o.a.m.s.f.DefaultMavenResourcesFiltering - skip non existing resourceDirectory D:\JDBC\my-jdbc\src\main\resources
2024-05-21 21:16:10,453 [Worker-35: Building] INFO  o.a.m.s.f.DefaultMavenResourcesFiltering - skip non existing resourceDirectory D:\JDBC\my-jdbc\src\test\resources
2024-05-21 21:16:50,165 [Worker-28: Building] INFO  o.a.m.s.f.DefaultMavenResourcesFiltering - skip non existing resourceDirectory D:\JDBC\my-jdbc\src\main\resources
2024-05-21 21:16:50,168 [Worker-28: Building] INFO  o.a.m.s.f.DefaultMavenResourcesFiltering - skip non existing resourceDirectory D:\JDBC\my-jdbc\src\test\resources
2024-05-21 21:18:13,509 [Worker-35: Building] INFO  o.a.m.s.f.DefaultMavenResourcesFiltering - skip non existing resourceDirectory D:\JDBC\my-jdbc\src\main\resources
2024-05-21 21:18:13,511 [Worker-35: Building] INFO  o.a.m.s.f.DefaultMavenResourcesFiltering - skip non existing resourceDirectory D:\JDBC\my-jdbc\src\test\resources
2024-05-21 21:18:31,860 [Worker-22: Building] INFO  o.a.m.s.f.DefaultMavenResourcesFiltering - skip non existing resourceDirectory D:\JDBC\my-jdbc\src\main\resources
2024-05-21 21:18:31,864 [Worker-22: Building] INFO  o.a.m.s.f.DefaultMavenResourcesFiltering - skip non existing resourceDirectory D:\JDBC\my-jdbc\src\test\resources
2024-05-21 21:24:22,125 [Worker-34: Building] INFO  o.a.m.s.f.DefaultMavenResourcesFiltering - skip non existing resourceDirectory D:\JDBC\my-jdbc\src\main\resources
2024-05-21 21:24:22,127 [Worker-34: Building] INFO  o.a.m.s.f.DefaultMavenResourcesFiltering - skip non existing resourceDirectory D:\JDBC\my-jdbc\src\test\resources
2024-05-21 21:24:37,415 [Worker-37: Building] INFO  o.a.m.s.f.DefaultMavenResourcesFiltering - skip non existing resourceDirectory D:\JDBC\my-jdbc\src\main\resources
2024-05-21 21:24:37,417 [Worker-37: Building] INFO  o.a.m.s.f.DefaultMavenResourcesFiltering - skip non existing resourceDirectory D:\JDBC\my-jdbc\src\test\resources
2024-05-21 21:24:48,567 [Worker-37: Building] INFO  o.a.m.s.f.DefaultMavenResourcesFiltering - skip non existing resourceDirectory D:\JDBC\my-jdbc\src\main\resources
2024-05-21 21:24:48,569 [Worker-37: Building] INFO  o.a.m.s.f.DefaultMavenResourcesFiltering - skip non existing resourceDirectory D:\JDBC\my-jdbc\src\test\resources
2024-05-21 21:25:00,876 [Worker-39: Building] INFO  o.a.m.s.f.DefaultMavenResourcesFiltering - skip non existing resourceDirectory D:\JDBC\my-jdbc\src\main\resources
2024-05-21 21:25:00,878 [Worker-39: Building] INFO  o.a.m.s.f.DefaultMavenResourcesFiltering - skip non existing resourceDirectory D:\JDBC\my-jdbc\src\test\resources
2024-05-21 21:25:37,266 [Worker-39: Building] INFO  o.a.m.s.f.DefaultMavenResourcesFiltering - skip non existing resourceDirectory D:\JDBC\my-jdbc\src\main\resources
2024-05-21 21:25:37,269 [Worker-39: Building] INFO  o.a.m.s.f.DefaultMavenResourcesFiltering - skip non existing resourceDirectory D:\JDBC\my-jdbc\src\test\resources
2024-05-21 21:26:50,547 [Worker-40: Building] INFO  o.a.m.s.f.DefaultMavenResourcesFiltering - skip non existing resourceDirectory D:\JDBC\my-jdbc\src\main\resources
2024-05-21 21:26:50,549 [Worker-40: Building] INFO  o.a.m.s.f.DefaultMavenResourcesFiltering - skip non existing resourceDirectory D:\JDBC\my-jdbc\src\test\resources
2024-05-21 21:27:07,104 [Worker-34: Building] INFO  o.a.m.s.f.DefaultMavenResourcesFiltering - skip non existing resourceDirectory D:\JDBC\my-jdbc\src\main\resources
2024-05-21 21:27:07,108 [Worker-34: Building] INFO  o.a.m.s.f.DefaultMavenResourcesFiltering - skip non existing resourceDirectory D:\JDBC\my-jdbc\src\test\resources
2024-05-21 21:27:22,684 [Worker-38: Building] INFO  o.a.m.s.f.DefaultMavenResourcesFiltering - skip non existing resourceDirectory D:\JDBC\my-jdbc\src\main\resources
2024-05-21 21:27:22,687 [Worker-38: Building] INFO  o.a.m.s.f.DefaultMavenResourcesFiltering - skip non existing resourceDirectory D:\JDBC\my-jdbc\src\test\resources
2024-05-21 21:30:02,538 [Worker-37: Building] INFO  o.a.m.s.f.DefaultMavenResourcesFiltering - skip non existing resourceDirectory D:\JDBC\my-jdbc\src\main\resources
2024-05-21 21:30:02,541 [Worker-37: Building] INFO  o.a.m.s.f.DefaultMavenResourcesFiltering - skip non existing resourceDirectory D:\JDBC\my-jdbc\src\test\resources
